root@otssTestServer:/home/lx/git/virtlab/centos_pxe# vagrant up
==> pxeclient: Forcing shutdown of VM...
==> pxeclient: Destroying VM and associated drives...
==> pxeserver: Forcing shutdown of VM...
==> pxeserver: Destroying VM and associated drives...
Bringing machine 'pxeserver' up with 'virtualbox' provider...
Bringing machine 'pxeclient' up with 'virtualbox' provider...
==> pxeserver: Importing base box 'centos/8.4'...
==> pxeserver: Matching MAC address for NAT networking...
==> pxeserver: Setting the name of the VM: centos_pxe_pxeserver_1637837394138_23829
==> pxeserver: Clearing any previously set network interfaces...
==> pxeserver: Preparing network interfaces based on configuration...
    pxeserver: Adapter 1: nat
    pxeserver: Adapter 2: intnet
==> pxeserver: Forwarding ports...
    pxeserver: 22 (guest) => 2222 (host) (adapter 1)
==> pxeserver: Running 'pre-boot' VM customizations...
==> pxeserver: Booting VM...
==> pxeserver: Waiting for machine to boot. This may take a few minutes...
    pxeserver: SSH address: 127.0.0.1:2222
    pxeserver: SSH username: vagrant
    pxeserver: SSH auth method: private key
    pxeserver:
    pxeserver: Vagrant insecure key detected. Vagrant will automatically replace
    pxeserver: this with a newly generated keypair for better security.
    pxeserver:
    pxeserver: Inserting generated public key within guest...
    pxeserver: Removing insecure key from the guest if it's present...
    pxeserver: Key inserted! Disconnecting and reconnecting using new SSH key...
==> pxeserver: Machine booted and ready!
==> pxeserver: Checking for guest additions in VM...
    pxeserver: No guest additions were detected on the base box for this VM! Guest
    pxeserver: additions are required for forwarded ports, shared folders, host only
    pxeserver: networking, and more. If SSH fails on this machine, please install
    pxeserver: the guest additions and repackage the box to continue.
    pxeserver:
    pxeserver: This is not an error message; everything may continue to work properly,
    pxeserver: in which case you may ignore this message.
==> pxeserver: Setting hostname...
==> pxeserver: Configuring and enabling network interfaces...
==> pxeserver: Rsyncing folder: /home/lx/git/virtlab/centos_pxe/ => /vagrant
==> pxeserver: Running provisioner: Setup PXE server (shell)...
    pxeserver: Running: script: Setup PXE server
    pxeserver: Install PXE server
    pxeserver: CentOS-8 - AppStream                            5.3 MB/s | 8.1 MB     00:01
    pxeserver: CentOS-8 - Base                                 2.3 MB/s | 3.5 MB     00:01
    pxeserver: CentOS-8 - Extras                                16 kB/s |  10 kB     00:00
    pxeserver: Dependencies resolved.
    pxeserver: ================================================================================
    pxeserver:  Package               Architecture    Version            Repository       Size
    pxeserver: ================================================================================
    pxeserver: Installing:
    pxeserver:  epel-release          noarch          8-11.el8           extras           24 k
    pxeserver:
    pxeserver: Transaction Summary
    pxeserver: ================================================================================
    pxeserver: Install  1 Package
    pxeserver:
    pxeserver: Total download size: 24 k
    pxeserver: Installed size: 35 k
    pxeserver: Downloading Packages:
    pxeserver: epel-release-8-11.el8.noarch.rpm                158 kB/s |  24 kB     00:00
    pxeserver: --------------------------------------------------------------------------------
    pxeserver: Total                                            32 kB/s |  24 kB     00:00
    pxeserver: warning: /var/cache/dnf/extras-6f30eee3842aa66c/packages/epel-release-8-11.el8.noarch.rpm: Header V3 RSA/SHA256 Signature, key ID 8483c65d: NOKEY
    pxeserver: CentOS-8 - Extras                               1.5 MB/s | 1.6 kB     00:00
    pxeserver: Importing GPG key 0x8483C65D:
    pxeserver:  Userid     : "CentOS (CentOS Official Signing Key) <security@centos.org>"
    pxeserver:  Fingerprint: 99DB 70FA E1D7 CE22 7FB6 4882 05B5 55B3 8483 C65D
    pxeserver:  From       : /etc/pki/rpm-gpg/RPM-GPG-KEY-centosofficial
    pxeserver: Key imported successfully
    pxeserver: Running transaction check
    pxeserver: Transaction check succeeded.
    pxeserver: Running transaction test
    pxeserver: Transaction test succeeded.
    pxeserver: Running transaction
    pxeserver:   Preparing        :                                                        1/1
    pxeserver:
    pxeserver:   Installing       : epel-release-8-11.el8.noarch                           1/1
    pxeserver:
    pxeserver:   Running scriptlet: epel-release-8-11.el8.noarch                           1/1
    pxeserver:
    pxeserver:   Verifying        : epel-release-8-11.el8.noarch                           1/1
    pxeserver:
    pxeserver:
    pxeserver: Installed:
    pxeserver:   epel-release-8-11.el8.noarch
    pxeserver:
    pxeserver: Complete!
    pxeserver: Extra Packages for Enterprise Linux Modular 8 - 1.0 MB/s | 958 kB     00:00
    pxeserver: Extra Packages for Enterprise Linux 8 - x86_64   11 MB/s |  11 MB     00:01
    pxeserver: Dependencies resolved.
    pxeserver: ================================================================================
    pxeserver:  Package                Architecture Version                 Repository    Size
    pxeserver: ================================================================================
    pxeserver: Installing:
    pxeserver:  dhcp-server            x86_64       12:4.3.6-45.el8         BaseOS       530 k
    pxeserver: Upgrading:
    pxeserver:  bind-export-libs       x86_64       32:9.11.26-6.el8        BaseOS       1.1 M
    pxeserver:  dhcp-client            x86_64       12:4.3.6-45.el8         BaseOS       318 k
    pxeserver:  dhcp-common            noarch       12:4.3.6-45.el8         BaseOS       207 k
    pxeserver:  dhcp-libs              x86_64       12:4.3.6-45.el8         BaseOS       148 k
    pxeserver:
    pxeserver: Transaction Summary
    pxeserver: ================================================================================
    pxeserver: Install  1 Package
    pxeserver: Upgrade  4 Packages
    pxeserver:
    pxeserver: Total download size: 2.3 M
    pxeserver: Downloading Packages:
    pxeserver: (1/5): dhcp-client-4.3.6-45.el8.x86_64.rpm      984 kB/s | 318 kB     00:00
    pxeserver: (2/5): dhcp-server-4.3.6-45.el8.x86_64.rpm      1.2 MB/s | 530 kB     00:00
    pxeserver: (3/5): dhcp-common-4.3.6-45.el8.noarch.rpm      1.4 MB/s | 207 kB     00:00
    pxeserver: (4/5): dhcp-libs-4.3.6-45.el8.x86_64.rpm        1.2 MB/s | 148 kB     00:00
    pxeserver: (5/5): bind-export-libs-9.11.26-6.el8.x86_64.rp 1.7 MB/s | 1.1 MB     00:00
    pxeserver: --------------------------------------------------------------------------------
    pxeserver: Total                                           2.2 MB/s | 2.3 MB     00:01
    pxeserver: Running transaction check
    pxeserver: Transaction check succeeded.
    pxeserver: Running transaction test
    pxeserver: Transaction test succeeded.
    pxeserver: Running transaction
    pxeserver:   Preparing        :                                                        1/1
    pxeserver:
    pxeserver:   Upgrading        : dhcp-libs-12:4.3.6-45.el8.x86_64                       1/9
    pxeserver:
    pxeserver:   Upgrading        : dhcp-common-12:4.3.6-45.el8.noarch                     2/9
    pxeserver:
    pxeserver:   Upgrading        : bind-export-libs-32:9.11.26-6.el8.x86_64               3/9
    pxeserver:
    pxeserver:   Running scriptlet: bind-export-libs-32:9.11.26-6.el8.x86_64               3/9
    pxeserver:
    pxeserver:   Running scriptlet: dhcp-server-12:4.3.6-45.el8.x86_64                     4/9
    pxeserver:
    pxeserver:   Installing       : dhcp-server-12:4.3.6-45.el8.x86_64                     4/9
    pxeserver:
    pxeserver:   Running scriptlet: dhcp-server-12:4.3.6-45.el8.x86_64                     4/9
    pxeserver:
    pxeserver:   Upgrading        : dhcp-client-12:4.3.6-45.el8.x86_64                     5/9
    pxeserver:
    pxeserver:   Cleanup          : dhcp-client-12:4.3.6-40.el8.x86_64                     6/9
    pxeserver:
    pxeserver:   Cleanup          : dhcp-common-12:4.3.6-40.el8.noarch                     7/9
    pxeserver:
    pxeserver:   Cleanup          : dhcp-libs-12:4.3.6-40.el8.x86_64                       8/9
    pxeserver:
    pxeserver:   Cleanup          : bind-export-libs-32:9.11.13-3.el8.x86_64               9/9
    pxeserver:   Running scriptlet: bind-export-libs-32:9.11.13-3.el8.x86_64               9/9
    pxeserver:
    pxeserver:   Verifying        : dhcp-server-12:4.3.6-45.el8.x86_64                     1/9
    pxeserver:   Verifying        : bind-export-libs-32:9.11.26-6.el8.x86_64               2/9
    pxeserver:   Verifying        : bind-export-libs-32:9.11.13-3.el8.x86_64               3/9
    pxeserver:   Verifying        : dhcp-client-12:4.3.6-45.el8.x86_64                     4/9
    pxeserver:   Verifying        : dhcp-client-12:4.3.6-40.el8.x86_64                     5/9
    pxeserver:   Verifying        : dhcp-common-12:4.3.6-45.el8.noarch                     6/9
    pxeserver:   Verifying        : dhcp-common-12:4.3.6-40.el8.noarch                     7/9
    pxeserver:   Verifying        : dhcp-libs-12:4.3.6-45.el8.x86_64                       8/9
    pxeserver:   Verifying        : dhcp-libs-12:4.3.6-40.el8.x86_64                       9/9
    pxeserver:
    pxeserver:
    pxeserver: Upgraded:
    pxeserver:   bind-export-libs-32:9.11.26-6.el8.x86_64  dhcp-client-12:4.3.6-45.el8.x86_64
    pxeserver:   dhcp-common-12:4.3.6-45.el8.noarch        dhcp-libs-12:4.3.6-45.el8.x86_64
    pxeserver:
    pxeserver: Installed:
    pxeserver:   dhcp-server-12:4.3.6-45.el8.x86_64
    pxeserver:
    pxeserver: Complete!
    pxeserver: Last metadata expiration check: 0:00:11 ago on Thu 25 Nov 2021 10:50:55 AM UTC.
    pxeserver: Dependencies resolved.
    pxeserver: ================================================================================
    pxeserver:  Package             Architecture   Version             Repository         Size
    pxeserver: ================================================================================
    pxeserver: Installing:
    pxeserver:  tftp-server         x86_64         5.2-24.el8          AppStream          50 k
    pxeserver:
    pxeserver: Transaction Summary
    pxeserver: ================================================================================
    pxeserver: Install  1 Package
    pxeserver:
    pxeserver: Total download size: 50 k
    pxeserver: Installed size: 68 k
    pxeserver: Downloading Packages:
    pxeserver: tftp-server-5.2-24.el8.x86_64.rpm               216 kB/s |  50 kB     00:00
    pxeserver: --------------------------------------------------------------------------------
    pxeserver: Total                                            79 kB/s |  50 kB     00:00
    pxeserver: Running transaction check
    pxeserver: Transaction check succeeded.
    pxeserver: Running transaction test
    pxeserver: Transaction test succeeded.
    pxeserver: Running transaction
    pxeserver:   Preparing        :                                                        1/1
    pxeserver:
    pxeserver:   Installing       : tftp-server-5.2-24.el8.x86_64                          1/1
    pxeserver:
    pxeserver:   Running scriptlet: tftp-server-5.2-24.el8.x86_64                          1/1
    pxeserver:
    pxeserver:   Verifying        : tftp-server-5.2-24.el8.x86_64                          1/1
    pxeserver:
    pxeserver:
    pxeserver: Installed:
    pxeserver:   tftp-server-5.2-24.el8.x86_64
    pxeserver:
    pxeserver: Complete!
    pxeserver: Last metadata expiration check: 0:00:14 ago on Thu 25 Nov 2021 10:50:55 AM UTC.
    pxeserver: Dependencies resolved.
    pxeserver: ================================================================================
    pxeserver:  Package          Arch   Version                                Repo       Size
    pxeserver: ================================================================================
    pxeserver: Installing:
    pxeserver:  httpd            x86_64 2.4.37-43.module_el8.5.0+1022+b541f3b1 AppStream 1.4 M
    pxeserver: Installing dependencies:
    pxeserver:  apr              x86_64 1.6.3-12.el8                           AppStream 129 k
    pxeserver:  apr-util         x86_64 1.6.1-6.el8                            AppStream 105 k
    pxeserver:  centos-logos-httpd
    pxeserver:                   noarch 85.8-2.el8                             BaseOS     75 k
    pxeserver:  httpd-filesystem noarch 2.4.37-43.module_el8.5.0+1022+b541f3b1 AppStream  39 k
    pxeserver:  httpd-tools      x86_64 2.4.37-43.module_el8.5.0+1022+b541f3b1 AppStream 107 k
    pxeserver:  mailcap          noarch 2.1.48-3.el8                           BaseOS     39 k
    pxeserver:  mod_http2        x86_64 1.15.7-3.module_el8.4.0+778+c970deab   AppStream 154 k
    pxeserver: Installing weak dependencies:
    pxeserver:  apr-util-bdb     x86_64 1.6.1-6.el8                            AppStream  25 k
    pxeserver:  apr-util-openssl x86_64 1.6.1-6.el8                            AppStream  27 k
    pxeserver: Enabling module streams:
    pxeserver:  httpd                   2.4
    pxeserver:
    pxeserver: Transaction Summary
    pxeserver: ================================================================================
    pxeserver: Install  10 Packages
    pxeserver:
    pxeserver: Total download size: 2.1 M
    pxeserver: Installed size: 5.6 M
    pxeserver: Downloading Packages:
    pxeserver: (1/10): apr-util-bdb-1.6.1-6.el8.x86_64.rpm     126 kB/s |  25 kB     00:00
    pxeserver: (2/10): apr-util-openssl-1.6.1-6.el8.x86_64.rpm 467 kB/s |  27 kB     00:00
    pxeserver: (3/10): apr-util-1.6.1-6.el8.x86_64.rpm         356 kB/s | 105 kB     00:00
    pxeserver: (4/10): apr-1.6.3-12.el8.x86_64.rpm             434 kB/s | 129 kB     00:00
    pxeserver: (5/10): httpd-filesystem-2.4.37-43.module_el8.5 704 kB/s |  39 kB     00:00
    pxeserver: (6/10): httpd-tools-2.4.37-43.module_el8.5.0+10 1.8 MB/s | 107 kB     00:00
    pxeserver: (7/10): mod_http2-1.15.7-3.module_el8.4.0+778+c 1.4 MB/s | 154 kB     00:00
    pxeserver: (8/10): httpd-2.4.37-43.module_el8.5.0+1022+b54 5.0 MB/s | 1.4 MB     00:00
    pxeserver: (9/10): centos-logos-httpd-85.8-2.el8.noarch.rp 413 kB/s |  75 kB     00:00
    pxeserver: (10/10): mailcap-2.1.48-3.el8.noarch.rpm        256 kB/s |  39 kB     00:00
    pxeserver: --------------------------------------------------------------------------------
    pxeserver: Total                                           1.5 MB/s | 2.1 MB     00:01
    pxeserver: Running transaction check
    pxeserver: Transaction check succeeded.
    pxeserver: Running transaction test
    pxeserver: Transaction test succeeded.
    pxeserver: Running transaction
    pxeserver:   Preparing        :                                                        1/1
    pxeserver:
    pxeserver:   Installing       : apr-1.6.3-12.el8.x86_64                               1/10
    pxeserver:
    pxeserver:   Running scriptlet: apr-1.6.3-12.el8.x86_64                               1/10
    pxeserver:
    pxeserver:   Installing       : apr-util-bdb-1.6.1-6.el8.x86_64                       2/10
    pxeserver:
    pxeserver:   Installing       : apr-util-openssl-1.6.1-6.el8.x86_64                   3/10
    pxeserver:
    pxeserver:   Installing       : apr-util-1.6.1-6.el8.x86_64                           4/10
    pxeserver:
    pxeserver:   Running scriptlet: apr-util-1.6.1-6.el8.x86_64                           4/10
    pxeserver:
    pxeserver:   Installing       : httpd-tools-2.4.37-43.module_el8.5.0+1022+b541f3b1    5/10
    pxeserver:
    pxeserver:   Installing       : mailcap-2.1.48-3.el8.noarch                           6/10
    pxeserver:
    pxeserver:   Installing       : centos-logos-httpd-85.8-2.el8.noarch                  7/10
    pxeserver:
    pxeserver:   Running scriptlet: httpd-filesystem-2.4.37-43.module_el8.5.0+1022+b54    8/10
    pxeserver:
    pxeserver:   Installing       : httpd-filesystem-2.4.37-43.module_el8.5.0+1022+b54    8/10
    pxeserver:
    pxeserver:   Installing       : mod_http2-1.15.7-3.module_el8.4.0+778+c970deab.x86    9/10
    pxeserver:
    pxeserver:   Installing       : httpd-2.4.37-43.module_el8.5.0+1022+b541f3b1.x86_6   10/10
    pxeserver:
    pxeserver:   Running scriptlet: httpd-2.4.37-43.module_el8.5.0+1022+b541f3b1.x86_6   10/10
    pxeserver:
    pxeserver:   Verifying        : apr-1.6.3-12.el8.x86_64                               1/10
    pxeserver:   Verifying        : apr-util-1.6.1-6.el8.x86_64                           2/10
    pxeserver:   Verifying        : apr-util-bdb-1.6.1-6.el8.x86_64                       3/10
    pxeserver:   Verifying        : apr-util-openssl-1.6.1-6.el8.x86_64                   4/10
    pxeserver:   Verifying        : httpd-2.4.37-43.module_el8.5.0+1022+b541f3b1.x86_6    5/10
    pxeserver:   Verifying        : httpd-filesystem-2.4.37-43.module_el8.5.0+1022+b54    6/10
    pxeserver:   Verifying        : httpd-tools-2.4.37-43.module_el8.5.0+1022+b541f3b1    7/10
    pxeserver:   Verifying        : mod_http2-1.15.7-3.module_el8.4.0+778+c970deab.x86    8/10
    pxeserver:   Verifying        : centos-logos-httpd-85.8-2.el8.noarch                  9/10
    pxeserver:   Verifying        : mailcap-2.1.48-3.el8.noarch                          10/10
    pxeserver:
    pxeserver:
    pxeserver: Installed:
    pxeserver:   apr-1.6.3-12.el8.x86_64
    pxeserver:   apr-util-1.6.1-6.el8.x86_64
    pxeserver:   apr-util-bdb-1.6.1-6.el8.x86_64
    pxeserver:   apr-util-openssl-1.6.1-6.el8.x86_64
    pxeserver:   centos-logos-httpd-85.8-2.el8.noarch
    pxeserver:   httpd-2.4.37-43.module_el8.5.0+1022+b541f3b1.x86_64
    pxeserver:   httpd-filesystem-2.4.37-43.module_el8.5.0+1022+b541f3b1.noarch
    pxeserver:   httpd-tools-2.4.37-43.module_el8.5.0+1022+b541f3b1.x86_64
    pxeserver:   mailcap-2.1.48-3.el8.noarch
    pxeserver:   mod_http2-1.15.7-3.module_el8.4.0+778+c970deab.x86_64
    pxeserver:
    pxeserver: Complete!
    pxeserver: FirewallD is not running
    pxeserver: Created symlink /etc/systemd/system/multi-user.target.wants/dhcpd.service → /usr/lib/systemd/system/dhcpd.service.
    pxeserver: Created symlink /etc/systemd/system/sockets.target.wants/tftp.socket → /usr/lib/systemd/system/tftp.socket.
    pxeserver: Last metadata expiration check: 0:00:23 ago on Thu 25 Nov 2021 10:50:55 AM UTC.
    pxeserver: Dependencies resolved.
    pxeserver: ================================================================================
    pxeserver:  Package                  Architecture  Version             Repository     Size
    pxeserver: ================================================================================
    pxeserver: Installing:
    pxeserver:  syslinux-tftpboot        noarch        6.04-5.el8          BaseOS        462 k
    pxeserver:
    pxeserver: Transaction Summary
    pxeserver: ================================================================================
    pxeserver: Install  1 Package
    pxeserver:
    pxeserver: Total download size: 462 k
    pxeserver: Installed size: 1.1 M
    pxeserver: Downloading Packages:
    pxeserver: syslinux-tftpboot-6.04-5.el8.noarch.rpm         1.1 MB/s | 462 kB     00:00
    pxeserver: --------------------------------------------------------------------------------
    pxeserver: Total                                           564 kB/s | 462 kB     00:00
    pxeserver: Running transaction check
    pxeserver: Transaction check succeeded.
    pxeserver: Running transaction test
    pxeserver: Transaction test succeeded.
    pxeserver: Running transaction
    pxeserver:   Preparing        :                                                        1/1
    pxeserver:
    pxeserver:   Installing       : syslinux-tftpboot-6.04-5.el8.noarch                    1/1
    pxeserver:
    pxeserver:   Verifying        : syslinux-tftpboot-6.04-5.el8.noarch                    1/1
    pxeserver:
    pxeserver:
    pxeserver: Installed:
    pxeserver:   syslinux-tftpboot-6.04-5.el8.noarch
    pxeserver:
    pxeserver: Complete!
    pxeserver:   % Total    % Received % Xferd  Average Speed   Time    Time     Time  Current
    pxeserver:                                  Dload  Upload   Total   Spent    Left  Speed
  0     0    0     0    0     0      0      0 --:--:-- --:--:-- --:--:--     0
  0 76.0M    0  334k    0     0   606k      0  0:02:08 --:--:--  0:02:08  605k
  2 76.0M    2 1921k    0     0  1257k      0  0:01:01  0:00:01  0:01:00 1256k
  7 76.0M    7 5689k    0     0  2244k      0  0:00:34  0:00:02  0:00:32 2243k
 18 76.0M   18 13.9M    0     0  4044k      0  0:00:19  0:00:03  0:00:16 4042k
 43 76.0M   43 33.0M    0     0  7476k      0  0:00:10  0:00:04  0:00:06 7474k
 96 76.0M   96 73.0M    0     0  13.0M      0  0:00:05  0:00:05 --:--:-- 14.4M
100 76.0M  100 76.0M    0     0  13.4M      0  0:00:05  0:00:05 --:--:-- 17.9M
    pxeserver:   % Total    % Received % Xferd  Average Speed   Time    Time     Time  Current
    pxeserver:                                  Dload  Upload   Total   Spent    Left  Speed
  0     0    0     0    0     0      0      0 --:--:-- --:--:-- --:--:--     0
100  9.7M  100  9.7M    0     0  11.1M      0 --:--:-- --:--:-- --:--:-- 11.1M
    pxeserver: mount: /var/www/html/centos8-install: WARNING: device write-protected, mounted read-only.
    pxeserver: Created symlink /etc/systemd/system/multi-user.target.wants/httpd.service → /usr/lib/systemd/system/httpd.service.
==> pxeclient: Importing base box 'centos/8.4'...
==> pxeclient: Matching MAC address for NAT networking...
==> pxeclient: Setting the name of the VM: centos_pxe_pxeclient_1637837500897_47894
==> pxeclient: Fixed port collision for 22 => 2222. Now on port 2200.
==> pxeclient: Clearing any previously set network interfaces...
==> pxeclient: Preparing network interfaces based on configuration...
    pxeclient: Adapter 1: nat
    pxeclient: Adapter 2: hostonly
==> pxeclient: Forwarding ports...
    pxeclient: 22 (guest) => 2200 (host) (adapter 1)
==> pxeclient: Running 'pre-boot' VM customizations...
==> pxeclient: Booting VM...
==> pxeclient: Waiting for machine to boot. This may take a few minutes...
    pxeclient: SSH address: 127.0.0.1:22
    pxeclient: SSH username: vagrant
    pxeclient: SSH auth method: private key
    pxeclient: Warning: Authentication failure. Retrying...
    pxeclient: Warning: Authentication failure. Retrying...
    pxeclient: Warning: Authentication failure. Retrying...
    pxeclient: Warning: Authentication failure. Retrying...
    pxeclient: Warning: Authentication failure. Retrying...
    pxeclient: Warning: Authentication failure. Retrying...
    pxeclient: Warning: Authentication failure. Retrying...
    pxeclient: Warning: Authentication failure. Retrying...
    pxeclient: Warning: Authentication failure. Retrying...
    pxeclient: Warning: Authentication failure. Retrying...
    pxeclient: Warning: Authentication failure. Retrying...
